2025-01-31 14:51:22,819:DEBUG:certbot._internal.main:certbot version: 3.1.0
2025-01-31 14:51:22,819:DEBUG:certbot._internal.main:Location of certbot entry point: /usr/local/bin/certbot
2025-01-31 14:51:22,819:DEBUG:certbot._internal.main:Arguments: ['--standalone', '--preferred-challenges', 'http', '--email', 'admin@notablenomads.com', '--agree-tos', '--no-eff-email', '-d', 'api.notablenomads.com', '--staging']
2025-01-31 14:51:22,819:DEBUG:certbot._internal.main:Discovered plugins: PluginsRegistry(PluginEntryPoint#manual,PluginEntryPoint#null,PluginEntryPoint#standalone,PluginEntryPoint#webroot)
2025-01-31 14:51:22,870:DEBUG:certbot._internal.log:Root logging level set at 30
2025-01-31 14:51:22,871:DEBUG:certbot._internal.plugins.selection:Requested authenticator standalone and installer None
2025-01-31 14:51:22,871:DEBUG:certbot._internal.plugins.selection:Single candidate plugin: * standalone
Description: Runs an HTTP server locally which serves the necessary validation files under the /.well-known/acme-challenge/ request path. Suitable if there is no HTTP server already running. HTTP challenge only (wildcards not supported).
Interfaces: Authenticator, Plugin
Entry point: EntryPoint(name='standalone', value='certbot._internal.plugins.standalone:Authenticator', group='certbot.plugins')
Initialized: <certbot._internal.plugins.standalone.Authenticator object at 0xffffa005cef0>
Prep: True
2025-01-31 14:51:22,872:DEBUG:certbot._internal.plugins.selection:Selected authenticator <certbot._internal.plugins.standalone.Authenticator object at 0xffffa005cef0> and installer None
2025-01-31 14:51:22,872:INFO:certbot._internal.plugins.selection:Plugins selected: Authenticator standalone, Installer None
2025-01-31 14:51:22,903:DEBUG:acme.client:Sending GET request to https://acme-staging-v02.api.letsencrypt.org/directory.
2025-01-31 14:51:22,904:DEBUG:urllib3.connectionpool:Starting new HTTPS connection (1): acme-staging-v02.api.letsencrypt.org:443
2025-01-31 14:51:23,544:DEBUG:urllib3.connectionpool:https://acme-staging-v02.api.letsencrypt.org:443 "GET /directory HTTP/1.1" 200 974
2025-01-31 14:51:23,546:DEBUG:acme.client:Received response:
HTTP 200
Server: nginx
Date: Fri, 31 Jan 2025 14:51:23 GMT
Content-Type: application/json
Content-Length: 974
Connection: keep-alive
Cache-Control: public, max-age=0, no-cache
X-Frame-Options: DENY
Strict-Transport-Security: max-age=604800

{
  "keyChange": "https://acme-staging-v02.api.letsencrypt.org/acme/key-change",
  "lhZ7XH6GyZ4": "https://community.letsencrypt.org/t/adding-random-entries-to-the-directory/33417",
  "meta": {
    "caaIdentities": [
      "letsencrypt.org"
    ],
    "profiles": {
      "classic": "The same profile you're accustomed to",
      "tlsserver": "https://letsencrypt.org/2025/01/09/acme-profiles/"
    },
    "termsOfService": "https://letsencrypt.org/documents/LE-SA-v1.4-April-3-2024.pdf",
    "website": "https://letsencrypt.org/docs/staging-environment/"
  },
  "newAccount": "https://acme-staging-v02.api.letsencrypt.org/acme/new-acct",
  "newNonce": "https://acme-staging-v02.api.letsencrypt.org/acme/new-nonce",
  "newOrder": "https://acme-staging-v02.api.letsencrypt.org/acme/new-order",
  "renewalInfo": "https://acme-staging-v02.api.letsencrypt.org/draft-ietf-acme-ari-03/renewalInfo",
  "revokeCert": "https://acme-staging-v02.api.letsencrypt.org/acme/revoke-cert"
}
2025-01-31 14:51:23,547:DEBUG:acme.client:Requesting fresh nonce
2025-01-31 14:51:23,547:DEBUG:acme.client:Sending HEAD request to https://acme-staging-v02.api.letsencrypt.org/acme/new-nonce.
2025-01-31 14:51:23,741:DEBUG:urllib3.connectionpool:https://acme-staging-v02.api.letsencrypt.org:443 "HEAD /acme/new-nonce HTTP/1.1" 200 0
2025-01-31 14:51:23,742:DEBUG:acme.client:Received response:
HTTP 200
Server: nginx
Date: Fri, 31 Jan 2025 14:51:23 GMT
Connection: keep-alive
Cache-Control: public, max-age=0, no-cache
Link: <https://acme-staging-v02.api.letsencrypt.org/directory>;rel="index"
Replay-Nonce: N9Ep_yiT4MGjkklEfnYm8VulVhB_vOMtyiUESZMIyGS1Bv4Re_A
X-Frame-Options: DENY
Strict-Transport-Security: max-age=604800


2025-01-31 14:51:23,743:DEBUG:acme.client:Storing nonce: N9Ep_yiT4MGjkklEfnYm8VulVhB_vOMtyiUESZMIyGS1Bv4Re_A
2025-01-31 14:51:23,744:DEBUG:acme.client:JWS payload:
b'{\n  "contact": [\n    "mailto:admin@notablenomads.com"\n  ],\n  "termsOfServiceAgreed": true\n}'
2025-01-31 14:51:23,751:DEBUG:acme.client:Sending POST request to https://acme-staging-v02.api.letsencrypt.org/acme/new-acct:
{
  "protected": "eyJhbGciOiAiUlMyNTYiLCAiandrIjogeyJuIjogIjYyY0tONGxJV0RBZUtEVWpxTS02c0RsN3pUR3RVSUdUNWkwR2hMYnd3ME5leHpTUVZhbDNGdWF4MjBPN0xqWlZpa1dPaUEyVjNEV1kxTU53Vy1OcFVNcGt4aFFpNGtER1RvZEdjMElweW91Q2p0X0VtSGZXRy1iQWFuUDloaVlsVG45bzVRb2REdzU2eXQ2Q0Y5alNDWDlvVmJHdDlsZnNBMnloWmlURV9aTFdOdF93bWRBNGthWks5R1BSVFBPSlBzdVhoSW10QnZ3bUdPNXNwcVA5ZUx0QjRBWURfalhlWXdZVDVySzNIdV9xMllfanVkVjFEWXA3cEhUOUtXQlM1MUh6WXBLRGJESEd2ZTA2dVhmQnNydEE2ZnNDaFZCcjNKNXk0TjViTmEzSldNVkt6dEVpQ2s4NXRCZWI5TVAyMnVpS2dXNEtITlpqdzh1Z1pkaUVIdyIsICJlIjogIkFRQUIiLCAia3R5IjogIlJTQSJ9LCAibm9uY2UiOiAiTjlFcF95aVQ0TUdqa2tsRWZuWW04VnVsVmhCX3ZPTXR5aVVFU1pNSXlHUzFCdjRSZV9BIiwgInVybCI6ICJodHRwczovL2FjbWUtc3RhZ2luZy12MDIuYXBpLmxldHNlbmNyeXB0Lm9yZy9hY21lL25ldy1hY2N0In0",
  "signature": "U_1Ky4RK6V0YO4NPEV_ew-VJDMz7ChbnCMaCNR-YXqSkxUSOGKUxwzsWbjwq5bfnTvH6wv0miY_KkSRhH-zhGkvUnZ0Z5LJfS3u-W4nWfmk9wCIXDEMt4iDflEqnus_FP2JFsQKyK6djJ9wnciEUWTUH0OMeqibegkTfDzEi1OTyr2vpWkkqRCR3pmo7qBBFCK2OGwmsf9p-KiWeamDQfWaHqrRgyye6q1JzrtpShqUNPf9p59x70DVt35raTXZrCfjmHu_mDtAL-pG44YhyERonVMOATNk2ZV9lH9UGq7QlYn9860KybeZInGt0y8LV89racTpK-DtK7lg3lF0Wgw",
  "payload": "ewogICJjb250YWN0IjogWwogICAgIm1haWx0bzphZG1pbkBub3RhYmxlbm9tYWRzLmNvbSIKICBdLAogICJ0ZXJtc09mU2VydmljZUFncmVlZCI6IHRydWUKfQ"
}
2025-01-31 14:51:23,970:DEBUG:urllib3.connectionpool:https://acme-staging-v02.api.letsencrypt.org:443 "POST /acme/new-acct HTTP/1.1" 201 534
2025-01-31 14:51:23,971:DEBUG:acme.client:Received response:
HTTP 201
Server: nginx
Date: Fri, 31 Jan 2025 14:51:23 GMT
Content-Type: application/json
Content-Length: 534
Connection: keep-alive
Boulder-Requester: 182736164
Cache-Control: public, max-age=0, no-cache
Link: <https://acme-staging-v02.api.letsencrypt.org/directory>;rel="index", <https://letsencrypt.org/documents/LE-SA-v1.4-April-3-2024.pdf>;rel="terms-of-service"
Location: https://acme-staging-v02.api.letsencrypt.org/acme/acct/182736164
Replay-Nonce: N9Ep_yiTwPAz2neDxK2-bHBAjqeFNb5sKCd0nNPS-k7nglBV8Ao
X-Frame-Options: DENY
Strict-Transport-Security: max-age=604800

{
  "key": {
    "kty": "RSA",
    "n": "62cKN4lIWDAeKDUjqM-6sDl7zTGtUIGT5i0GhLbww0NexzSQVal3Fuax20O7LjZVikWOiA2V3DWY1MNwW-NpUMpkxhQi4kDGTodGc0IpyouCjt_EmHfWG-bAanP9hiYlTn9o5QodDw56yt6CF9jSCX9oVbGt9lfsA2yhZiTE_ZLWNt_wmdA4kaZK9GPRTPOJPsuXhImtBvwmGO5spqP9eLtB4AYD_jXeYwYT5rK3Hu_q2Y_judV1DYp7pHT9KWBS51HzYpKDbDHGve06uXfBsrtA6fsChVBr3J5y4N5bNa3JWMVKztEiCk85tBeb9MP22uiKgW4KHNZjw8ugZdiEHw",
    "e": "AQAB"
  },
  "contact": [
    "mailto:admin@notablenomads.com"
  ],
  "createdAt": "2025-01-31T14:51:23.909352641Z",
  "status": "valid"
}
2025-01-31 14:51:23,972:DEBUG:acme.client:Storing nonce: N9Ep_yiTwPAz2neDxK2-bHBAjqeFNb5sKCd0nNPS-k7nglBV8Ao
2025-01-31 14:51:23,979:DEBUG:certbot._internal.display.obj:Notifying user: Account registered.
2025-01-31 14:51:23,979:DEBUG:certbot._internal.main:Picked account: <Account(RegistrationResource(body=Registration(key=JWKRSA(key=<ComparableRSAKey(<cryptography.hazmat.bindings._rust.openssl.rsa.RSAPublicKey object at 0xffff9f914eb0>)>), contact=('mailto:admin@notablenomads.com',), agreement=None, status='valid', terms_of_service_agreed=None, only_return_existing=None, external_account_binding=None), uri='https://acme-staging-v02.api.letsencrypt.org/acme/acct/182736164', new_authzr_uri=None, terms_of_service='https://letsencrypt.org/documents/LE-SA-v1.4-April-3-2024.pdf'), 54610343807e11a6ae640a33b9693e36, Meta(creation_dt=datetime.datetime(2025, 1, 31, 14, 51, 23, tzinfo=<UTC>), creation_host='683a89ddf119', register_to_eff=None))>
2025-01-31 14:51:23,981:DEBUG:certbot._internal.display.obj:Notifying user: Requesting a certificate for api.notablenomads.com
2025-01-31 14:51:23,983:DEBUG:acme.client:JWS payload:
b'{\n  "identifiers": [\n    {\n      "type": "dns",\n      "value": "api.notablenomads.com"\n    }\n  ]\n}'
2025-01-31 14:51:23,984:DEBUG:acme.client:Sending POST request to https://acme-staging-v02.api.letsencrypt.org/acme/new-order:
{
  "protected": "eyJhbGciOiAiUlMyNTYiLCAia2lkIjogImh0dHBzOi8vYWNtZS1zdGFnaW5nLXYwMi5hcGkubGV0c2VuY3J5cHQub3JnL2FjbWUvYWNjdC8xODI3MzYxNjQiLCAibm9uY2UiOiAiTjlFcF95aVR3UEF6Mm5lRHhLMi1iSEJBanFlRk5iNXNLQ2Qwbk5QUy1rN25nbEJWOEFvIiwgInVybCI6ICJodHRwczovL2FjbWUtc3RhZ2luZy12MDIuYXBpLmxldHNlbmNyeXB0Lm9yZy9hY21lL25ldy1vcmRlciJ9",
  "signature": "ilM0e3cQ1a73wKN0Mu57S70CKw_vzu9WGVLwtAVD57R4g13NpirYbWQpr-yqbRfzq7F5_pNkjyEioYBx1GIiCSc2Eas6-0lVUx3C6h9jYG2ZNda9bFQitEtf8CjzJgaAcWhLv7cLrveWKDS3rHRQhm-GPyAWbOdZ4H9iv2-iNF8UVmpZ0DXMFrbPy4mH5AvcbeE-mdkyPMCCtnL38bdGi64ZF1UKNjkT2wdLXx_wb84NEiIHB_15xwNardKuZUB7XJWJOv5EJqSljWKtGLyvc-AzLnQHlne6bcYKyXBHhlkyX9rdTXQ0Pwsv7cIivv32uJUGSNHozG_TLTgqSMe6mA",
  "payload": "ewogICJpZGVudGlmaWVycyI6IFsKICAgIHsKICAgICAgInR5cGUiOiAiZG5zIiwKICAgICAgInZhbHVlIjogImFwaS5ub3RhYmxlbm9tYWRzLmNvbSIKICAgIH0KICBdCn0"
}
2025-01-31 14:51:24,223:DEBUG:urllib3.connectionpool:https://acme-staging-v02.api.letsencrypt.org:443 "POST /acme/new-order HTTP/1.1" 201 367
2025-01-31 14:51:24,224:DEBUG:acme.client:Received response:
HTTP 201
Server: nginx
Date: Fri, 31 Jan 2025 14:51:24 GMT
Content-Type: application/json
Content-Length: 367
Connection: keep-alive
Boulder-Requester: 182736164
Cache-Control: public, max-age=0, no-cache
Link: <https://acme-staging-v02.api.letsencrypt.org/directory>;rel="index"
Location: https://acme-staging-v02.api.letsencrypt.org/acme/order/182736164/22328244554
Replay-Nonce: xMYr_xatylYZcNfzd9LT2qLjYLqAtcmh-k6US3crag2wZfPKKtQ
X-Frame-Options: DENY
Strict-Transport-Security: max-age=604800

{
  "status": "pending",
  "expires": "2025-02-07T14:51:24Z",
  "identifiers": [
    {
      "type": "dns",
      "value": "api.notablenomads.com"
    }
  ],
  "authorizations": [
    "https://acme-staging-v02.api.letsencrypt.org/acme/authz/182736164/15898910054"
  ],
  "finalize": "https://acme-staging-v02.api.letsencrypt.org/acme/finalize/182736164/22328244554"
}
2025-01-31 14:51:24,225:DEBUG:acme.client:Storing nonce: xMYr_xatylYZcNfzd9LT2qLjYLqAtcmh-k6US3crag2wZfPKKtQ
2025-01-31 14:51:24,226:DEBUG:acme.client:JWS payload:
b''
2025-01-31 14:51:24,230:DEBUG:acme.client:Sending POST request to https://acme-staging-v02.api.letsencrypt.org/acme/authz/182736164/15898910054:
{
  "protected": "eyJhbGciOiAiUlMyNTYiLCAia2lkIjogImh0dHBzOi8vYWNtZS1zdGFnaW5nLXYwMi5hcGkubGV0c2VuY3J5cHQub3JnL2FjbWUvYWNjdC8xODI3MzYxNjQiLCAibm9uY2UiOiAieE1Zcl94YXR5bFlaY05memQ5TFQycUxqWUxxQXRjbWgtazZVUzNjcmFnMndaZlBLS3RRIiwgInVybCI6ICJodHRwczovL2FjbWUtc3RhZ2luZy12MDIuYXBpLmxldHNlbmNyeXB0Lm9yZy9hY21lL2F1dGh6LzE4MjczNjE2NC8xNTg5ODkxMDA1NCJ9",
  "signature": "U-iUg2P5k72wdTM8dlTT3Beuwju3srAWApWyawlRmbh7C_IbA5mU1tjqURPLmAH8heRRtT0Cw8ozRx6gzdgKlIUrlQbyqCb_E00nyfsuP0VHIu_ugrCw_chIkcpmTCmY6cuU9mADnIYJAO0AWAkEzjLSPy8GqvsA6dTXeYrKUvjqVbkLi_kN_irjhyRSHg5b3T3EZ_fyo7hpAkR1Rxr-QntDXWhY2EJt_h2-M8KDDAij62eugGH8h9egHf_BQj4CtsJTx07LhB03FNShOMvWtXIBMebnSd6ANGmrHN4ZGr-OWHO_sOSkd8fI6mnyOo_xzIhv8_zfpJW8EpyOY4pY-A",
  "payload": ""
}
2025-01-31 14:51:24,431:DEBUG:urllib3.connectionpool:https://acme-staging-v02.api.letsencrypt.org:443 "POST /acme/authz/182736164/15898910054 HTTP/1.1" 200 847
2025-01-31 14:51:24,433:DEBUG:acme.client:Received response:
HTTP 200
Server: nginx
Date: Fri, 31 Jan 2025 14:51:24 GMT
Content-Type: application/json
Content-Length: 847
Connection: keep-alive
Boulder-Requester: 182736164
Cache-Control: public, max-age=0, no-cache
Link: <https://acme-staging-v02.api.letsencrypt.org/directory>;rel="index"
Replay-Nonce: xMYr_xatLbVaQW7Oe_dAdBqSL55w7hsQb2lvf3MZMbuzYIbX3-g
X-Frame-Options: DENY
Strict-Transport-Security: max-age=604800

{
  "identifier": {
    "type": "dns",
    "value": "api.notablenomads.com"
  },
  "status": "pending",
  "expires": "2025-02-07T14:51:24Z",
  "challenges": [
    {
      "type": "tls-alpn-01",
      "url": "https://acme-staging-v02.api.letsencrypt.org/acme/chall/182736164/15898910054/I2ig5g",
      "status": "pending",
      "token": "NHJsPnNOcNdzqll30xahfsyd5DDEciUNB3aKeAFnV3k"
    },
    {
      "type": "http-01",
      "url": "https://acme-staging-v02.api.letsencrypt.org/acme/chall/182736164/15898910054/9fT4Pw",
      "status": "pending",
      "token": "NHJsPnNOcNdzqll30xahfsyd5DDEciUNB3aKeAFnV3k"
    },
    {
      "type": "dns-01",
      "url": "https://acme-staging-v02.api.letsencrypt.org/acme/chall/182736164/15898910054/kl1eSg",
      "status": "pending",
      "token": "NHJsPnNOcNdzqll30xahfsyd5DDEciUNB3aKeAFnV3k"
    }
  ]
}
2025-01-31 14:51:24,433:DEBUG:acme.client:Storing nonce: xMYr_xatLbVaQW7Oe_dAdBqSL55w7hsQb2lvf3MZMbuzYIbX3-g
2025-01-31 14:51:24,434:INFO:certbot._internal.auth_handler:Performing the following challenges:
2025-01-31 14:51:24,435:INFO:certbot._internal.auth_handler:http-01 challenge for api.notablenomads.com
2025-01-31 14:51:24,436:DEBUG:acme.standalone:Successfully bound to :80 using IPv6
2025-01-31 14:51:24,436:DEBUG:acme.standalone:Certbot wasn't able to bind to :80 using IPv4, this is often expected due to the dual stack nature of IPv6 socket implementations.
2025-01-31 14:51:24,438:DEBUG:acme.client:JWS payload:
b'{}'
2025-01-31 14:51:24,442:DEBUG:acme.client:Sending POST request to https://acme-staging-v02.api.letsencrypt.org/acme/chall/182736164/15898910054/9fT4Pw:
{
  "protected": "eyJhbGciOiAiUlMyNTYiLCAia2lkIjogImh0dHBzOi8vYWNtZS1zdGFnaW5nLXYwMi5hcGkubGV0c2VuY3J5cHQub3JnL2FjbWUvYWNjdC8xODI3MzYxNjQiLCAibm9uY2UiOiAieE1Zcl94YXRMYlZhUVc3T2VfZEFkQnFTTDU1dzdoc1FiMmx2ZjNNWk1idXpZSWJYMy1nIiwgInVybCI6ICJodHRwczovL2FjbWUtc3RhZ2luZy12MDIuYXBpLmxldHNlbmNyeXB0Lm9yZy9hY21lL2NoYWxsLzE4MjczNjE2NC8xNTg5ODkxMDA1NC85ZlQ0UHcifQ",
  "signature": "lnzeUiX3m_bn4cT61ADOMNbAYkmpumsX-Tv7dK31suk5H3Xa9umzK0inv7-5O9KIV_r5012uj0M8PnlsC4AW0cx1bP4b_wbfQWPgoEuwZa9ZknwFsTXi5uGztvie9I9lnV6vxyblN1jGqITiTebmYSeJz7kzBQJHWs8D2e8bW5Yibobt7CXRREyV5hjApFLZ543_TkSpM-pldvUeJwPiVOKtkywhlfLoxrYQAcnTveW_pXiKtH6ORTpnm6c_pmCb4wBwu7OgMQPmtqD7qsHiEhxtcW6P_PlC8Uru8JWJTy6f5LucMb0EM3Sum5uxIHH_1J9YXKqEbM1D_nWbhvNstA",
  "payload": "e30"
}
2025-01-31 14:51:24,647:DEBUG:urllib3.connectionpool:https://acme-staging-v02.api.letsencrypt.org:443 "POST /acme/chall/182736164/15898910054/9fT4Pw HTTP/1.1" 200 201
2025-01-31 14:51:24,648:DEBUG:acme.client:Received response:
HTTP 200
Server: nginx
Date: Fri, 31 Jan 2025 14:51:24 GMT
Content-Type: application/json
Content-Length: 201
Connection: keep-alive
Boulder-Requester: 182736164
Cache-Control: public, max-age=0, no-cache
Link: <https://acme-staging-v02.api.letsencrypt.org/directory>;rel="index", <https://acme-staging-v02.api.letsencrypt.org/acme/authz/182736164/15898910054>;rel="up"
Location: https://acme-staging-v02.api.letsencrypt.org/acme/chall/182736164/15898910054/9fT4Pw
Replay-Nonce: N9Ep_yiTA8GGqf-yP4a_lvlJfLjBnNUXyl-Uram5WlfWNsgVNTE
X-Frame-Options: DENY
Strict-Transport-Security: max-age=604800

{
  "type": "http-01",
  "url": "https://acme-staging-v02.api.letsencrypt.org/acme/chall/182736164/15898910054/9fT4Pw",
  "status": "pending",
  "token": "NHJsPnNOcNdzqll30xahfsyd5DDEciUNB3aKeAFnV3k"
}
2025-01-31 14:51:24,649:DEBUG:acme.client:Storing nonce: N9Ep_yiTA8GGqf-yP4a_lvlJfLjBnNUXyl-Uram5WlfWNsgVNTE
2025-01-31 14:51:24,649:INFO:certbot._internal.auth_handler:Waiting for verification...
2025-01-31 14:51:25,656:DEBUG:acme.client:JWS payload:
b''
2025-01-31 14:51:25,659:DEBUG:acme.client:Sending POST request to https://acme-staging-v02.api.letsencrypt.org/acme/authz/182736164/15898910054:
{
  "protected": "eyJhbGciOiAiUlMyNTYiLCAia2lkIjogImh0dHBzOi8vYWNtZS1zdGFnaW5nLXYwMi5hcGkubGV0c2VuY3J5cHQub3JnL2FjbWUvYWNjdC8xODI3MzYxNjQiLCAibm9uY2UiOiAiTjlFcF95aVRBOEdHcWYteVA0YV9sdmxKZkxqQm5OVVh5bC1VcmFtNVdsZldOc2dWTlRFIiwgInVybCI6ICJodHRwczovL2FjbWUtc3RhZ2luZy12MDIuYXBpLmxldHNlbmNyeXB0Lm9yZy9hY21lL2F1dGh6LzE4MjczNjE2NC8xNTg5ODkxMDA1NCJ9",
  "signature": "WLU53_AzFJsPPw9SXXjw68ByB3QHMBcyZX1AHMeljDefR_ohVKvoE411VzVpmq1aK9nNlZhS9_7oZLxZz-o0wIwT6hZWKBSMM6uDab7dKLOtQoI-b6lRQbjcYwBCNzO7ks451TwJZ8w4XoOnARm9-kB8STwX4dBvrFHLFCqY7MGmFSpfhX2GVQKNWStnFDYmYok9L_h841wQSuuUpRDAWHMreVwgIEDzIcXIjIcVyIWqmJOxIMwQQzvq2MtQtEnrhKvHX8MXiTnOZPmv20zu7cBhoXJKvibqA-6bvoa8HoGwMiE8CxhbaUxcFASYdi-Dj5C2BuOqvrVAeKh3wmyq4A",
  "payload": ""
}
2025-01-31 14:51:25,859:DEBUG:urllib3.connectionpool:https://acme-staging-v02.api.letsencrypt.org:443 "POST /acme/authz/182736164/15898910054 HTTP/1.1" 200 1200
2025-01-31 14:51:25,860:DEBUG:acme.client:Received response:
HTTP 200
Server: nginx
Date: Fri, 31 Jan 2025 14:51:25 GMT
Content-Type: application/json
Content-Length: 1200
Connection: keep-alive
Boulder-Requester: 182736164
Cache-Control: public, max-age=0, no-cache
Link: <https://acme-staging-v02.api.letsencrypt.org/directory>;rel="index"
Replay-Nonce: xMYr_xat0892Hws1x14eIiFdQt9y2HF1MDXERDL5TDfD_1dbBM0
X-Frame-Options: DENY
Strict-Transport-Security: max-age=604800

{
  "identifier": {
    "type": "dns",
    "value": "api.notablenomads.com"
  },
  "status": "invalid",
  "expires": "2025-02-07T14:51:24Z",
  "challenges": [
    {
      "type": "http-01",
      "url": "https://acme-staging-v02.api.letsencrypt.org/acme/chall/182736164/15898910054/9fT4Pw",
      "status": "invalid",
      "validated": "2025-01-31T14:51:24Z",
      "error": {
        "type": "urn:ietf:params:acme:error:unauthorized",
        "detail": "2606:4700:3031::6815:1c5f: Invalid response from http://api.notablenomads.com/.well-known/acme-challenge/NHJsPnNOcNdzqll30xahfsyd5DDEciUNB3aKeAFnV3k: 521",
        "status": 403
      },
      "token": "NHJsPnNOcNdzqll30xahfsyd5DDEciUNB3aKeAFnV3k",
      "validationRecord": [
        {
          "url": "http://api.notablenomads.com/.well-known/acme-challenge/NHJsPnNOcNdzqll30xahfsyd5DDEciUNB3aKeAFnV3k",
          "hostname": "api.notablenomads.com",
          "port": "80",
          "addressesResolved": [
            "172.67.145.80",
            "104.21.28.95",
            "2606:4700:3031::6815:1c5f",
            "2606:4700:3037::ac43:9150"
          ],
          "addressUsed": "2606:4700:3031::6815:1c5f"
        }
      ]
    }
  ]
}
2025-01-31 14:51:25,861:DEBUG:acme.client:Storing nonce: xMYr_xat0892Hws1x14eIiFdQt9y2HF1MDXERDL5TDfD_1dbBM0
2025-01-31 14:51:25,861:INFO:certbot._internal.auth_handler:Challenge failed for domain api.notablenomads.com
2025-01-31 14:51:25,861:INFO:certbot._internal.auth_handler:http-01 challenge for api.notablenomads.com
2025-01-31 14:51:25,861:DEBUG:certbot._internal.display.obj:Notifying user: 
Certbot failed to authenticate some domains (authenticator: standalone). The Certificate Authority reported these problems:
  Domain: api.notablenomads.com
  Type:   unauthorized
  Detail: 2606:4700:3031::6815:1c5f: Invalid response from http://api.notablenomads.com/.well-known/acme-challenge/NHJsPnNOcNdzqll30xahfsyd5DDEciUNB3aKeAFnV3k: 521

Hint: The Certificate Authority failed to download the challenge files from the temporary standalone webserver started by Certbot on port 80. Ensure that the listed domains point to this machine and that it can accept inbound connections from the internet.

2025-01-31 14:51:25,863:DEBUG:certbot._internal.error_handler:Encountered exception:
Traceback (most recent call last):
  File "/opt/certbot/src/certbot/certbot/_internal/auth_handler.py", line 108, in handle_authorizations
    self._poll_authorizations(authzrs, max_retries, max_time_mins, best_effort)
  File "/opt/certbot/src/certbot/certbot/_internal/auth_handler.py", line 212, in _poll_authorizations
    raise errors.AuthorizationError('Some challenges have failed.')
certbot.errors.AuthorizationError: Some challenges have failed.

2025-01-31 14:51:25,863:DEBUG:certbot._internal.error_handler:Calling registered functions
2025-01-31 14:51:25,864:INFO:certbot._internal.auth_handler:Cleaning up challenges
2025-01-31 14:51:25,865:DEBUG:certbot._internal.plugins.standalone:Stopping server at :::80...
2025-01-31 14:51:25,952:DEBUG:certbot._internal.log:Exiting abnormally:
Traceback (most recent call last):
  File "/usr/local/bin/certbot", line 33, in <module>
    sys.exit(load_entry_point('certbot', 'console_scripts', 'certbot')())
             ^^^^^^^^^^^^^^^^^^^^^^^^^^^^^^^^^^^^^^^^^^^^^^^^^^^^^^^^^^^
  File "/opt/certbot/src/certbot/certbot/main.py", line 19, in main
    return internal_main.main(cli_args)
           ^^^^^^^^^^^^^^^^^^^^^^^^^^^^
  File "/opt/certbot/src/certbot/certbot/_internal/main.py", line 1873, in main
    return config.func(config, plugins)
           ^^^^^^^^^^^^^^^^^^^^^^^^^^^^
  File "/opt/certbot/src/certbot/certbot/_internal/main.py", line 1579, in certonly
    lineage = _get_and_save_cert(le_client, config, domains, certname, lineage)
              ^^^^^^^^^^^^^^^^^^^^^^^^^^^^^^^^^^^^^^^^^^^^^^^^^^^^^^^^^^^^^^^^^
  File "/opt/certbot/src/certbot/certbot/_internal/main.py", line 142, in _get_and_save_cert
    lineage = le_client.obtain_and_enroll_certificate(domains, certname)
              ^^^^^^^^^^^^^^^^^^^^^^^^^^^^^^^^^^^^^^^^^^^^^^^^^^^^^^^^^^
  File "/opt/certbot/src/certbot/certbot/_internal/client.py", line 518, in obtain_and_enroll_certificate
    cert, chain, key, _ = self.obtain_certificate(domains)
                          ^^^^^^^^^^^^^^^^^^^^^^^^^^^^^^^^
  File "/opt/certbot/src/certbot/certbot/_internal/client.py", line 429, in obtain_certificate
    orderr = self._get_order_and_authorizations(csr.data, self.config.allow_subset_of_names)
             ^^^^^^^^^^^^^^^^^^^^^^^^^^^^^^^^^^^^^^^^^^^^^^^^^^^^^^^^^^^^^^^^^^^^^^^^^^^^^^^
  File "/opt/certbot/src/certbot/certbot/_internal/client.py", line 497, in _get_order_and_authorizations
    authzr = self.auth_handler.handle_authorizations(orderr, self.config, best_effort)
             ^^^^^^^^^^^^^^^^^^^^^^^^^^^^^^^^^^^^^^^^^^^^^^^^^^^^^^^^^^^^^^^^^^^^^^^^^
  File "/opt/certbot/src/certbot/certbot/_internal/auth_handler.py", line 108, in handle_authorizations
    self._poll_authorizations(authzrs, max_retries, max_time_mins, best_effort)
  File "/opt/certbot/src/certbot/certbot/_internal/auth_handler.py", line 212, in _poll_authorizations
    raise errors.AuthorizationError('Some challenges have failed.')
certbot.errors.AuthorizationError: Some challenges have failed.
2025-01-31 14:51:25,955:ERROR:certbot._internal.log:Some challenges have failed.
